[00:49:31] [ServerMain/INFO]: Environment: Environment[sessionHost=https://sessionserver.mojang.com, servicesHost=https://api.minecraftservices.com, name=PROD]
[00:49:32] [ServerMain/INFO]: No existing world data, creating new world
[00:49:32] [ServerMain/INFO]: Loaded 1290 recipes
[00:49:32] [ServerMain/INFO]: Loaded 1399 advancements
[00:49:33] [Server thread/INFO]: Starting minecraft server version 1.21.1
[00:49:33] [Server thread/INFO]: Loading properties
[00:49:33] [Server thread/INFO]: Default game type: SURVIVAL
[00:49:33] [Server thread/INFO]: Generating keypair
[00:49:33] [Server thread/INFO]: Starting Minecraft server on *:25565
[00:49:33] [Server thread/INFO]: Using epoll channel type
[00:49:33] [Server thread/WARN]: **** SERVER IS RUNNING IN OFFLINE/INSECURE MODE!
[00:49:33] [Server thread/WARN]: The server will make no attempt to authenticate usernames. Beware.
[00:49:33] [Server thread/WARN]: While this makes the game possible to play without internet access, it also opens up the ability for hackers to connect with any username they choose.
[00:49:33] [Server thread/WARN]: To change this, set "online-mode" to "true" in the server.properties file.
[00:49:33] [Server thread/INFO]: Preparing level "world"
[00:49:38] [Server thread/INFO]: Preparing start region for dimension minecraft:overworld
[00:49:38] [Worker-Main-3/INFO]: Preparing spawn area: 2%
[00:49:39] [Worker-Main-1/INFO]: Preparing spawn area: 2%
[00:49:39] [Worker-Main-3/INFO]: Preparing spawn area: 2%
[00:49:40] [Worker-Main-1/INFO]: Preparing spawn area: 18%
[00:49:40] [Worker-Main-1/INFO]: Preparing spawn area: 18%
[00:49:41] [Worker-Main-2/INFO]: Preparing spawn area: 18%
[00:49:42] [Worker-Main-1/INFO]: Preparing spawn area: 51%
[00:49:42] [Worker-Main-1/INFO]: Preparing spawn area: 51%
[00:49:42] [Worker-Main-3/INFO]: Preparing spawn area: 51%
[00:49:43] [Worker-Main-3/INFO]: Preparing spawn area: 51%
[00:49:43] [Worker-Main-2/INFO]: Preparing spawn area: 91%
[00:49:43] [Server thread/INFO]: Time elapsed: 5032 ms
[00:49:43] [Server thread/INFO]: Done (10.352s)! For help, type "help"
[00:52:11] [Server thread/INFO]: Stopping the server
[00:52:11] [Server thread/INFO]: Stopping server
[00:52:11] [Server thread/INFO]: Saving players
[00:52:11] [Server thread/INFO]: Saving worlds
[00:52:11] [Server thread/INFO]: Saving chunks for level 'ServerLevel[world]'/minecraft:overworld
[00:52:12] [Server thread/INFO]: Saving chunks for level 'ServerLevel[world]'/minecraft:the_end
[00:52:12] [Server thread/INFO]: Saving chunks for level 'ServerLevel[world]'/minecraft:the_nether
[00:52:12] [Server thread/INFO]: ThreadedAnvilChunkStorage (world): All chunks are saved
[00:52:12] [Server thread/INFO]: ThreadedAnvilChunkStorage (DIM1): All chunks are saved
[00:52:12] [Server thread/INFO]: ThreadedAnvilChunkStorage (DIM-1): All chunks are saved
[00:52:12] [Server thread/INFO]: ThreadedAnvilChunkStorage: All dimensions are saved
